{
  "version": 14,
  "tests": [],
  "testBatches": [
    {
      "id": "0",
      "title": "Batch 1 - Pixel 3a (API 30)",
      "tests": [
        "a489bfef-dcaf-0930-303c-09417dc2edb1",
        "2cf8ece4-700c-89ec-5ff6-e7578a7f3b5d"
      ],
      "exceptionHandlers": []
    },
    {
      "id": "0bcb7412-2887-bbe1-8f8f-68fa5a9c5d6e",
      "title": "Batch 2 - Pixel 3a (API 29)",
      "tests": [
        "e3c481a7-44cd-66d2-06e5-4e72acba0494",
        "b4c143aa-4e02-4c57-10cb-750fe68e9f86",
        "dc0b529f-a445-158c-e85d-d5ede15d5e2e"
      ],
      "exceptionHandlers": []
    },
    {
      "id": "38a62ec6-9f1b-bff9-1330-d2c99e0dc6e2",
      "title": "Batch 3 - Pixel 3a (API 29 - Built-in apps)",
      "tests": [
        "d3298a1b-f550-c391-1525-eb334ac62591",
        "ab9b148b-af41-f843-e399-2c78fe7874a4"
      ],
      "exceptionHandlers": []
    },
    {
      "id": "8dd66481-5d1f-5876-d3f7-106677ba8215",
      "title": "Batch 4 - Pixel 3a (API 29 - Random Clicks)",
      "tests": [
        "4040eeb2-ce13-08d7-0a37-5d1c8c1b5515",
        "739beffd-cc07-1b72-8018-0886cdad7a2a"
      ],
      "exceptionHandlers": []
    },
    {
      "id": "e2313480-9002-5ce5-96e9-aecdbf36475b",
      "title": "Batch 5 - Pixel 3a (API 29 - Flutter Random Clicks)",
      "tests": [
        "7aa00c9a-c1d6-a080-2c51-3b957a56c5c6",
        "dc0b529f-a445-158c-e85d-d5ede15d5e2e",
        "7aa00c9a-c1d6-a080-2c51-3b957a56c5c6"
      ],
      "exceptionHandlers": []
    }
  ],
  "folders": {
    "id": "ROOT_TREE_NODE_ID",
    "title": "All tests",
    "active": false,
    "expanded": true,
    "children": [
      {
        "id": "default-node",
        "title": "Recorded tests",
        "active": false,
        "expanded": true,
        "children": [
          "a489bfef-dcaf-0930-303c-09417dc2edb1",
          "2cf8ece4-700c-89ec-5ff6-e7578a7f3b5d",
          "e3c481a7-44cd-66d2-06e5-4e72acba0494",
          "dc0b529f-a445-158c-e85d-d5ede15d5e2e",
          "d3298a1b-f550-c391-1525-eb334ac62591",
          "ab9b148b-af41-f843-e399-2c78fe7874a4",
          "739beffd-cc07-1b72-8018-0886cdad7a2a",
          "4040eeb2-ce13-08d7-0a37-5d1c8c1b5515",
          "7aa00c9a-c1d6-a080-2c51-3b957a56c5c6",
          "b4c143aa-4e02-4c57-10cb-750fe68e9f86"
        ]
      }
    ]
  },
  "batchRunner": {
    "testBatch": "0bcb7412-2887-bbe1-8f8f-68fa5a9c5d6e",
    "currentExceptionHandlerIndex": 0,
    "currentTestIndex": 2,
    "testRunner": {
      "id": "c04f01b4-fb2c-cc8e-1a1f-2a37ff405ab0",
      "currentTest": "dc0b529f-a445-158c-e85d-d5ede15d5e2e",
      "currentStepIndex": 6,
      "stopExecutionOnStepIndex": -1,
      "defaultSearchTimeout": 8000,
      "subTestRunners": [],
      "rootTestRunner": "c04f01b4-fb2c-cc8e-1a1f-2a37ff405ab0"
    },
    "batchRun": {
      "id": "dbfcf11c-bf9c-96c6-fab1-a01eab9026bc",
      "batchId": "0bcb7412-2887-bbe1-8f8f-68fa5a9c5d6e",
      "title": "Batch 2 - Pixel 3a (API 29)",
      "tests": [
        "e3c481a7-44cd-66d2-06e5-4e72acba0494",
        "b4c143aa-4e02-4c57-10cb-750fe68e9f86",
        "dc0b529f-a445-158c-e85d-d5ede15d5e2e"
      ],
      "testRuns": [],
      "createdOn": 1662569064508,
      "stats": {
        "totalCount": 3,
        "successCount": 3,
        "duration": "00:00:14",
        "failCount": 0,
        "stepsCount": 20
      }
    },
    "exportMaxImageSize": 800
  },
  "recorder": {
    "isRecording": false,
    "testDirty": false
  },
  "schedules": []
}
